<?xml version="1.0" encoding="UTF-8"?>
<!-- Generated by org.testng.reporters.JUnitReportReporter -->
<testsuite hostname="DESKTOP-PNC7OVF" failures="0" tests="2" name="TestCase.TestCases" time="4.869" errors="0" timestamp="2023-06-07T11:33:47 IST" skipped="0">
  <testcase classname="TestCase.TestCases" name="CHomePage" time="3.769"/>
  <system-out/>
  <testcase classname="TestCase.TestCases" name="BLoginPage" time="1.100"/>
  <system-out/>
</testsuite> <!-- TestCase.TestCases -->
