<?xml version="1.0" encoding="UTF-8"?>
<!-- Generated by org.testng.reporters.JUnitReportReporter -->
<testsuite hostname="DESKTOP-PNC7OVF" failures="0" tests="2" name="TestCase.TestCases" time="5.502" errors="0" timestamp="2023-05-23T17:13:33 IST" skipped="0">
  <testcase classname="TestCase.TestCases" name="CHomePage" time="4.467"/>
  <system-out/>
  <testcase classname="TestCase.TestCases" name="BLoginPage" time="1.035"/>
  <system-out/>
</testsuite> <!-- TestCase.TestCases -->
