<?xml version="1.0" encoding="UTF-8"?>
<!-- Generated by org.testng.reporters.JUnitReportReporter -->
<testsuite hostname="DESKTOP-PNC7OVF" failures="0" tests="2" name="TestCase.TestCases" time="8.445" errors="0" timestamp="2023-05-31T17:53:18 IST" skipped="0">
  <testcase classname="TestCase.TestCases" name="CHomePage" time="6.651"/>
  <system-out/>
  <testcase classname="TestCase.TestCases" name="BLoginPage" time="1.794"/>
  <system-out/>
</testsuite> <!-- TestCase.TestCases -->
