<?xml version="1.0" encoding="UTF-8"?>
<!-- Generated by org.testng.reporters.JUnitReportReporter -->
<testsuite hostname="DESKTOP-PNC7OVF" failures="0" tests="2" name="TestCase.TestCases" time="7.493" errors="0" timestamp="2023-06-08T15:45:24 IST" skipped="0">
  <testcase classname="TestCase.TestCases" name="CHomePage" time="5.941"/>
  <system-out/>
  <testcase classname="TestCase.TestCases" name="BLoginPage" time="1.552"/>
  <system-out/>
</testsuite> <!-- TestCase.TestCases -->
